<?xml version="1.0" encoding="UTF-8"?>
<!-- Generated by org.testng.reporters.JUnitReportReporter -->
<testsuite skipped="0" hostname="DESKTOP-FQKS7KJ" name="SanityTests.nopCommerceWeb" tests="6" failures="0" timestamp="06 Nov 2020 23:53:35 GMT" time="48.304" errors="0">
  <testcase name="tc03_addPC" time="7.942" classname="SanityTests.nopCommerceWeb"/>
  <testcase name="tc06_verifyLogo" time="1.140" classname="SanityTests.nopCommerceWeb"/>
  <testcase name="tc01_registerAndLogout" time="10.278" classname="SanityTests.nopCommerceWeb"/>
  <testcase name="tc04_checkQtyAndProceedToCheckOut" time="2.402" classname="SanityTests.nopCommerceWeb"/>
  <testcase name="tc05_completeCheckout" time="21.501" classname="SanityTests.nopCommerceWeb"/>
  <testcase name="tc02_Login" time="5.041" classname="SanityTests.nopCommerceWeb"/>
</testsuite> <!-- SanityTests.nopCommerceWeb -->
