<?xml version="1.0" encoding="UTF-8"?>
<!-- Generated by org.testng.reporters.JUnitReportReporter -->
<testsuite skipped="0" hostname="DESKTOP-FQKS7KJ" name="SanityTests.nopCommerceDB" tests="1" failures="0" timestamp="07 Nov 2020 00:35:54 GMT" time="7.592" errors="0">
  <testcase name="tc02_5_Login" time="7.592" classname="SanityTests.nopCommerceDB"/>
</testsuite> <!-- SanityTests.nopCommerceDB -->
