<?xml version="1.0" encoding="UTF-8"?>
<!-- Generated by org.testng.reporters.JUnitReportReporter -->
<testsuite skipped="0" hostname="DESKTOP-FQKS7KJ" name="SanityTests.Electron_API_Demos" tests="1" failures="0" timestamp="06 Nov 2020 21:39:09 GMT" time="0.439" errors="0">
  <testcase name="test01_verifyScreenInfo" time="0.439" classname="SanityTests.Electron_API_Demos"/>
</testsuite> <!-- SanityTests.Electron_API_Demos -->
